<?xml version="1.0" encoding="UTF-8"?>
<!-- Generated by org.testng.reporters.JUnitXMLReporter -->
<testsuite ignored="1" hostname="Mevin" failures="0" tests="2" name="Test" time="8.538" errors="0" timestamp="2024-12-02T11:17:01 IST">
  <testcase classname="blazerTestPkg.BlazerRegiTest" name="testBlazerLogin" time="3.547"/>
  <testcase classname="blazerTestPkg.BlazerLoginTest" name="testBlazerLogin" time="1.438"/>
  <testcase classname="blazeBaseClass.BlazerBase" name="@BeforeTest setUp" time="0.0">
    <ignored/>
  </testcase> <!-- @BeforeTest setUp -->
</testsuite> <!-- Test -->
